<?xml version="1.0" encoding="UTF-8"?>
<testng-results ignored="0" total="2" passed="2" failed="0" skipped="0">
  <reporter-output>
  </reporter-output>
  <suite started-at="2023-09-08T08:29:18 IST" name="OpencartSuite" finished-at="2023-09-08T08:29:36 IST" duration-ms="17942">
    <groups>
      <group name="Master">
        <method signature="TC_001_AccountRegistrationTest.test_account_Registration()[pri:0, instance:TestCases.TC_001_AccountRegistrationTest@4efbca5a]" name="test_account_Registration" class="TestCases.TC_001_AccountRegistrationTest"/>
        <method signature="TC_002_LoginTest.test_Login()[pri:0, instance:TestCases.TC_002_LoginTest@747ddf94]" name="test_Login" class="TestCases.TC_002_LoginTest"/>
      </group> <!-- Master -->
      <group name="Sanity">
        <method signature="TC_002_LoginTest.test_Login()[pri:0, instance:TestCases.TC_002_LoginTest@747ddf94]" name="test_Login" class="TestCases.TC_002_LoginTest"/>
      </group> <!-- Sanity -->
      <group name="Regression">
        <method signature="TC_001_AccountRegistrationTest.test_account_Registration()[pri:0, instance:TestCases.TC_001_AccountRegistrationTest@4efbca5a]" name="test_account_Registration" class="TestCases.TC_001_AccountRegistrationTest"/>
      </group> <!-- Regression -->
    </groups>
    <test started-at="2023-09-08T08:29:18 IST" name="OpencartTest" finished-at="2023-09-08T08:29:36 IST" duration-ms="17942">
      <class name="TestCases.TC_001_AccountRegistrationTest">
        <test-method is-config="true" signature="setup(java.lang.String)[pri:0, instance:TestCases.TC_001_AccountRegistrationTest@4efbca5a]" started-at="2023-09-08T08:29:18 IST" name="setup" finished-at="2023-09-08T08:29:26 IST" duration-ms="8041" status="PASS">
          <params>
            <param index="0">
              <value>
                <![CDATA[chrome]]>
              </value>
            </param>
          </params>
          <reporter-output>
          </reporter-output>
        </test-method> <!-- setup -->
        <test-method signature="test_account_Registration()[pri:0, instance:TestCases.TC_001_AccountRegistrationTest@4efbca5a]" started-at="2023-09-08T08:29:26 IST" name="test_account_Registration" finished-at="2023-09-08T08:29:29 IST" duration-ms="2702" status="PASS">
          <reporter-output>
          </reporter-output>
        </test-method> <!-- test_account_Registration -->
        <test-method is-config="true" signature="tearDown()[pri:0, instance:TestCases.TC_001_AccountRegistrationTest@4efbca5a]" started-at="2023-09-08T08:29:29 IST" name="tearDown" finished-at="2023-09-08T08:29:29 IST" duration-ms="223" status="PASS">
          <reporter-output>
          </reporter-output>
        </test-method> <!-- tearDown -->
      </class> <!-- TestCases.TC_001_AccountRegistrationTest -->
      <class name="TestCases.TC_002_LoginTest">
        <test-method is-config="true" signature="setup(java.lang.String)[pri:0, instance:TestCases.TC_002_LoginTest@747ddf94]" started-at="2023-09-08T08:29:29 IST" name="setup" finished-at="2023-09-08T08:29:34 IST" duration-ms="4611" status="PASS">
          <params>
            <param index="0">
              <value>
                <![CDATA[chrome]]>
              </value>
            </param>
          </params>
          <reporter-output>
          </reporter-output>
        </test-method> <!-- setup -->
        <test-method signature="test_Login()[pri:0, instance:TestCases.TC_002_LoginTest@747ddf94]" started-at="2023-09-08T08:29:34 IST" name="test_Login" finished-at="2023-09-08T08:29:36 IST" duration-ms="1851" status="PASS">
          <reporter-output>
          </reporter-output>
        </test-method> <!-- test_Login -->
        <test-method is-config="true" signature="tearDown()[pri:0, instance:TestCases.TC_002_LoginTest@747ddf94]" started-at="2023-09-08T08:29:36 IST" name="tearDown" finished-at="2023-09-08T08:29:36 IST" duration-ms="206" status="PASS">
          <reporter-output>
          </reporter-output>
        </test-method> <!-- tearDown -->
      </class> <!-- TestCases.TC_002_LoginTest -->
    </test> <!-- OpencartTest -->
  </suite> <!-- OpencartSuite -->
</testng-results>
