<?xml version="1.0" encoding="UTF-8"?>
<testng-results ignored="0" total="1" passed="1" failed="0" skipped="0">
  <reporter-output>
  </reporter-output>
  <suite started-at="2023-09-07T18:16:36 IST" name="Failed suite [OpencartSuite]" finished-at="2023-09-07T18:16:47 IST" duration-ms="11169">
    <groups>
      <group name="Master">
        <method signature="TC_002_LoginTest.test_Login()[pri:0, instance:TestCases.TC_002_LoginTest@5dda768f]" name="test_Login" class="TestCases.TC_002_LoginTest"/>
      </group> <!-- Master -->
      <group name="Sanity">
        <method signature="TC_002_LoginTest.test_Login()[pri:0, instance:TestCases.TC_002_LoginTest@5dda768f]" name="test_Login" class="TestCases.TC_002_LoginTest"/>
      </group> <!-- Sanity -->
    </groups>
    <test started-at="2023-09-07T18:16:36 IST" name="OpencartTest(failed)" finished-at="2023-09-07T18:16:47 IST" duration-ms="11169">
      <class name="TestCases.TC_002_LoginTest">
        <test-method is-config="true" signature="setup(java.lang.String)[pri:0, instance:TestCases.TC_002_LoginTest@5dda768f]" started-at="2023-09-07T18:16:37 IST" name="setup" finished-at="2023-09-07T18:16:44 IST" duration-ms="7086" status="PASS">
          <params>
            <param index="0">
              <value>
                <![CDATA[chrome]]>
              </value>
            </param>
          </params>
          <reporter-output>
          </reporter-output>
        </test-method> <!-- setup -->
        <test-method signature="test_Login()[pri:0, instance:TestCases.TC_002_LoginTest@5dda768f]" started-at="2023-09-07T18:16:44 IST" name="test_Login" finished-at="2023-09-07T18:16:47 IST" duration-ms="3261" status="PASS">
          <reporter-output>
          </reporter-output>
        </test-method> <!-- test_Login -->
        <test-method is-config="true" signature="tearDown()[pri:0, instance:TestCases.TC_002_LoginTest@5dda768f]" started-at="2023-09-07T18:16:47 IST" name="tearDown" finished-at="2023-09-07T18:16:47 IST" duration-ms="288" status="PASS">
          <reporter-output>
          </reporter-output>
        </test-method> <!-- tearDown -->
      </class> <!-- TestCases.TC_002_LoginTest -->
    </test> <!-- OpencartTest(failed) -->
  </suite> <!-- Failed suite [OpencartSuite] -->
</testng-results>
